market data retry 1/1: https://push2.eastmoney.com/api/qt/clist/get?pn=1&pz=100&po=1&np=1&ut=bd1d9ddb04089700cf9c27f6f7426281&fltt=2&invt=2&fid=f12&fs=m%3A0%2Bt%3A6%2Cm%3A0%2Bt%3A80%2Cm%3A1%2Bt%3A2%2Cm%3A1%2Bt%3A23&fields=f12%2Cf14%2Cf2%2Cf3%2Cf5%2Cf6%2Cf7%2Cf8%2Cf10%2Cf15%2Cf16%2Cf17%2Cf18%2Cf20%2Cf21%2Cf100 -> HTTP Error 502: Bad Gateway
market data retry 1/1: http://push2.eastmoney.com/api/qt/clist/get?pn=1&pz=100&po=1&np=1&ut=bd1d9ddb04089700cf9c27f6f7426281&fltt=2&invt=2&fid=f12&fs=m%3A0%2Bt%3A6%2Cm%3A0%2Bt%3A80%2Cm%3A1%2Bt%3A2%2Cm%3A1%2Bt%3A23&fields=f12%2Cf14%2Cf2%2Cf3%2Cf5%2Cf6%2Cf7%2Cf8%2Cf10%2Cf15%2Cf16%2Cf17%2Cf18%2Cf20%2Cf21%2Cf100 -> HTTP Error 502: Bad Gateway
market data retry 1/1: https://82.push2.eastmoney.com/api/qt/clist/get?pn=1&pz=100&po=1&np=1&ut=bd1d9ddb04089700cf9c27f6f7426281&fltt=2&invt=2&fid=f12&fs=m%3A0%2Bt%3A6%2Cm%3A0%2Bt%3A80%2Cm%3A1%2Bt%3A2%2Cm%3A1%2Bt%3A23&fields=f12%2Cf14%2Cf2%2Cf3%2Cf5%2Cf6%2Cf7%2Cf8%2Cf10%2Cf15%2Cf16%2Cf17%2Cf18%2Cf20%2Cf21%2Cf100 -> Remote end closed connection without response
market data retry 1/1: http://82.push2.eastmoney.com/api/qt/clist/get?pn=1&pz=100&po=1&np=1&ut=bd1d9ddb04089700cf9c27f6f7426281&fltt=2&invt=2&fid=f12&fs=m%3A0%2Bt%3A6%2Cm%3A0%2Bt%3A80%2Cm%3A1%2Bt%3A2%2Cm%3A1%2Bt%3A23&fields=f12%2Cf14%2Cf2%2Cf3%2Cf5%2Cf6%2Cf7%2Cf8%2Cf10%2Cf15%2Cf16%2Cf17%2Cf18%2Cf20%2Cf21%2Cf100 -> Remote end closed connection without response
market data retry 1/1: https://81.push2.eastmoney.com/api/qt/clist/get?pn=1&pz=100&po=1&np=1&ut=bd1d9ddb04089700cf9c27f6f7426281&fltt=2&invt=2&fid=f12&fs=m%3A0%2Bt%3A6%2Cm%3A0%2Bt%3A80%2Cm%3A1%2Bt%3A2%2Cm%3A1%2Bt%3A23&fields=f12%2Cf14%2Cf2%2Cf3%2Cf5%2Cf6%2Cf7%2Cf8%2Cf10%2Cf15%2Cf16%2Cf17%2Cf18%2Cf20%2Cf21%2Cf100 -> Remote end closed connection without response
market data retry 1/1: http://81.push2.eastmoney.com/api/qt/clist/get?pn=1&pz=100&po=1&np=1&ut=bd1d9ddb04089700cf9c27f6f7426281&fltt=2&invt=2&fid=f12&fs=m%3A0%2Bt%3A6%2Cm%3A0%2Bt%3A80%2Cm%3A1%2Bt%3A2%2Cm%3A1%2Bt%3A23&fields=f12%2Cf14%2Cf2%2Cf3%2Cf5%2Cf6%2Cf7%2Cf8%2Cf10%2Cf15%2Cf16%2Cf17%2Cf18%2Cf20%2Cf21%2Cf100 -> Remote end closed connection without response
spot page 1 attempt 1/3 failed: market data request failed after retries: Remote end closed connection without response
market data retry 1/1: https://push2.eastmoney.com/api/qt/clist/get?pn=1&pz=100&po=1&np=1&ut=bd1d9ddb04089700cf9c27f6f7426281&fltt=2&invt=2&fid=f12&fs=m%3A0%2Bt%3A6%2Cm%3A0%2Bt%3A80%2Cm%3A1%2Bt%3A2%2Cm%3A1%2Bt%3A23&fields=f12%2Cf14%2Cf2%2Cf3%2Cf5%2Cf6%2Cf7%2Cf8%2Cf10%2Cf15%2Cf16%2Cf17%2Cf18%2Cf20%2Cf21%2Cf100 -> HTTP Error 502: Bad Gateway
market data retry 1/1: http://push2.eastmoney.com/api/qt/clist/get?pn=1&pz=100&po=1&np=1&ut=bd1d9ddb04089700cf9c27f6f7426281&fltt=2&invt=2&fid=f12&fs=m%3A0%2Bt%3A6%2Cm%3A0%2Bt%3A80%2Cm%3A1%2Bt%3A2%2Cm%3A1%2Bt%3A23&fields=f12%2Cf14%2Cf2%2Cf3%2Cf5%2Cf6%2Cf7%2Cf8%2Cf10%2Cf15%2Cf16%2Cf17%2Cf18%2Cf20%2Cf21%2Cf100 -> HTTP Error 502: Bad Gateway
market data retry 1/1: https://82.push2.eastmoney.com/api/qt/clist/get?pn=1&pz=100&po=1&np=1&ut=bd1d9ddb04089700cf9c27f6f7426281&fltt=2&invt=2&fid=f12&fs=m%3A0%2Bt%3A6%2Cm%3A0%2Bt%3A80%2Cm%3A1%2Bt%3A2%2Cm%3A1%2Bt%3A23&fields=f12%2Cf14%2Cf2%2Cf3%2Cf5%2Cf6%2Cf7%2Cf8%2Cf10%2Cf15%2Cf16%2Cf17%2Cf18%2Cf20%2Cf21%2Cf100 -> Remote end closed connection without response
market data retry 1/1: http://82.push2.eastmoney.com/api/qt/clist/get?pn=1&pz=100&po=1&np=1&ut=bd1d9ddb04089700cf9c27f6f7426281&fltt=2&invt=2&fid=f12&fs=m%3A0%2Bt%3A6%2Cm%3A0%2Bt%3A80%2Cm%3A1%2Bt%3A2%2Cm%3A1%2Bt%3A23&fields=f12%2Cf14%2Cf2%2Cf3%2Cf5%2Cf6%2Cf7%2Cf8%2Cf10%2Cf15%2Cf16%2Cf17%2Cf18%2Cf20%2Cf21%2Cf100 -> Remote end closed connection without response
market data retry 1/1: https://81.push2.eastmoney.com/api/qt/clist/get?pn=1&pz=100&po=1&np=1&ut=bd1d9ddb04089700cf9c27f6f7426281&fltt=2&invt=2&fid=f12&fs=m%3A0%2Bt%3A6%2Cm%3A0%2Bt%3A80%2Cm%3A1%2Bt%3A2%2Cm%3A1%2Bt%3A23&fields=f12%2Cf14%2Cf2%2Cf3%2Cf5%2Cf6%2Cf7%2Cf8%2Cf10%2Cf15%2Cf16%2Cf17%2Cf18%2Cf20%2Cf21%2Cf100 -> Remote end closed connection without response
market data retry 1/1: http://81.push2.eastmoney.com/api/qt/clist/get?pn=1&pz=100&po=1&np=1&ut=bd1d9ddb04089700cf9c27f6f7426281&fltt=2&invt=2&fid=f12&fs=m%3A0%2Bt%3A6%2Cm%3A0%2Bt%3A80%2Cm%3A1%2Bt%3A2%2Cm%3A1%2Bt%3A23&fields=f12%2Cf14%2Cf2%2Cf3%2Cf5%2Cf6%2Cf7%2Cf8%2Cf10%2Cf15%2Cf16%2Cf17%2Cf18%2Cf20%2Cf21%2Cf100 -> Remote end closed connection without response
spot page 1 attempt 2/3 failed: market data request failed after retries: Remote end closed connection without response
market data retry 1/1: https://push2.eastmoney.com/api/qt/clist/get?pn=1&pz=100&po=1&np=1&ut=bd1d9ddb04089700cf9c27f6f7426281&fltt=2&invt=2&fid=f12&fs=m%3A0%2Bt%3A6%2Cm%3A0%2Bt%3A80%2Cm%3A1%2Bt%3A2%2Cm%3A1%2Bt%3A23&fields=f12%2Cf14%2Cf2%2Cf3%2Cf5%2Cf6%2Cf7%2Cf8%2Cf10%2Cf15%2Cf16%2Cf17%2Cf18%2Cf20%2Cf21%2Cf100 -> HTTP Error 502: Bad Gateway
market data retry 1/1: http://push2.eastmoney.com/api/qt/clist/get?pn=1&pz=100&po=1&np=1&ut=bd1d9ddb04089700cf9c27f6f7426281&fltt=2&invt=2&fid=f12&fs=m%3A0%2Bt%3A6%2Cm%3A0%2Bt%3A80%2Cm%3A1%2Bt%3A2%2Cm%3A1%2Bt%3A23&fields=f12%2Cf14%2Cf2%2Cf3%2Cf5%2Cf6%2Cf7%2Cf8%2Cf10%2Cf15%2Cf16%2Cf17%2Cf18%2Cf20%2Cf21%2Cf100 -> HTTP Error 502: Bad Gateway
market data retry 1/1: https://82.push2.eastmoney.com/api/qt/clist/get?pn=1&pz=100&po=1&np=1&ut=bd1d9ddb04089700cf9c27f6f7426281&fltt=2&invt=2&fid=f12&fs=m%3A0%2Bt%3A6%2Cm%3A0%2Bt%3A80%2Cm%3A1%2Bt%3A2%2Cm%3A1%2Bt%3A23&fields=f12%2Cf14%2Cf2%2Cf3%2Cf5%2Cf6%2Cf7%2Cf8%2Cf10%2Cf15%2Cf16%2Cf17%2Cf18%2Cf20%2Cf21%2Cf100 -> Remote end closed connection without response
market data retry 1/1: http://82.push2.eastmoney.com/api/qt/clist/get?pn=1&pz=100&po=1&np=1&ut=bd1d9ddb04089700cf9c27f6f7426281&fltt=2&invt=2&fid=f12&fs=m%3A0%2Bt%3A6%2Cm%3A0%2Bt%3A80%2Cm%3A1%2Bt%3A2%2Cm%3A1%2Bt%3A23&fields=f12%2Cf14%2Cf2%2Cf3%2Cf5%2Cf6%2Cf7%2Cf8%2Cf10%2Cf15%2Cf16%2Cf17%2Cf18%2Cf20%2Cf21%2Cf100 -> Remote end closed connection without response
market data retry 1/1: https://81.push2.eastmoney.com/api/qt/clist/get?pn=1&pz=100&po=1&np=1&ut=bd1d9ddb04089700cf9c27f6f7426281&fltt=2&invt=2&fid=f12&fs=m%3A0%2Bt%3A6%2Cm%3A0%2Bt%3A80%2Cm%3A1%2Bt%3A2%2Cm%3A1%2Bt%3A23&fields=f12%2Cf14%2Cf2%2Cf3%2Cf5%2Cf6%2Cf7%2Cf8%2Cf10%2Cf15%2Cf16%2Cf17%2Cf18%2Cf20%2Cf21%2Cf100 -> Remote end closed connection without response
market data retry 1/1: http://81.push2.eastmoney.com/api/qt/clist/get?pn=1&pz=100&po=1&np=1&ut=bd1d9ddb04089700cf9c27f6f7426281&fltt=2&invt=2&fid=f12&fs=m%3A0%2Bt%3A6%2Cm%3A0%2Bt%3A80%2Cm%3A1%2Bt%3A2%2Cm%3A1%2Bt%3A23&fields=f12%2Cf14%2Cf2%2Cf3%2Cf5%2Cf6%2Cf7%2Cf8%2Cf10%2Cf15%2Cf16%2Cf17%2Cf18%2Cf20%2Cf21%2Cf100 -> Remote end closed connection without response
spot page 1 attempt 3/3 failed: market data request failed after retries: Remote end closed connection without response
spot page fetch failed: market data request failed after retries: Remote end closed connection without response
PICKER_FAILED: spot market data unavailable: market data request failed after retries: Remote end closed connection without response
LEARNING_REPORT=/home/runner/work/daily_analysis/daily_analysis/a_share_tail_picker/learning/learning_report_20260703_171007.md
CANDIDATES_CSV=/home/runner/work/daily_analysis/daily_analysis/a_share_tail_picker/outputs/2026-07-03/candidates_failed_20260703_171024.csv
REPORT=/home/runner/work/daily_analysis/daily_analysis/a_share_tail_picker/outputs/2026-07-03/report_failed_20260703_171024.md
WECHAT_SUMMARY=/home/runner/work/daily_analysis/daily_analysis/a_share_tail_picker/outputs/2026-07-03/wechat_summary_failed_20260703_171024.md
